Determining if the pthread_create exist failed with the following output:
Change Dir: /home/duc/Downloads/Protected-20211220T115553Z-001/Protected/build/CMakeFiles/CMakeTmp

Run Build Command:"/usr/bin/make" "cmTC_719d1/fast"
/usr/bin/make -f CMakeFiles/cmTC_719d1.dir/build.make CMakeFiles/cmTC_719d1.dir/build
make[1]: Entering directory '/home/duc/Downloads/Protected-20211220T115553Z-001/Protected/build/CMakeFiles/CMakeTmp'
Building C object CMakeFiles/cmTC_719d1.dir/CheckSymbolExists.c.o
/usr/bin/cc    -o CMakeFiles/cmTC_719d1.dir/CheckSymbolExists.c.o   -c /home/duc/Downloads/Protected-20211220T115553Z-001/Protected/build/CMakeFiles/CMakeTmp/CheckSymbolExists.c
Linking C executable cmTC_719d1
/usr/bin/cmake -E cmake_link_script CMakeFiles/cmTC_719d1.dir/link.txt --verbose=1
/usr/bin/cc      CMakeFiles/cmTC_719d1.dir/CheckSymbolExists.c.o  -o cmTC_719d1 
CMakeFiles/cmTC_719d1.dir/CheckSymbolExists.c.o: In function `main':
CheckSymbolExists.c:(.text+0x1b): undefined reference to `pthread_create'
collect2: error: ld returned 1 exit status
CMakeFiles/cmTC_719d1.dir/build.make:97: recipe for target 'cmTC_719d1' failed
make[1]: *** [cmTC_719d1] Error 1
make[1]: Leaving directory '/home/duc/Downloads/Protected-20211220T115553Z-001/Protected/build/CMakeFiles/CMakeTmp'
Makefile:126: recipe for target 'cmTC_719d1/fast' failed
make: *** [cmTC_719d1/fast] Error 2

File /home/duc/Downloads/Protected-20211220T115553Z-001/Protected/build/CMakeFiles/CMakeTmp/CheckSymbolExists.c:
/* */
#include <pthread.h>

int main(int argc, char** argv)
{
  (void)argv;
#ifndef pthread_create
  return ((int*)(&pthread_create))[argc];
#else
  (void)argc;
  return 0;
#endif
}

Determining if the function pthread_create exists in the pthreads failed with the following output:
Change Dir: /home/duc/Downloads/Protected-20211220T115553Z-001/Protected/build/CMakeFiles/CMakeTmp

Run Build Command:"/usr/bin/make" "cmTC_07ada/fast"
/usr/bin/make -f CMakeFiles/cmTC_07ada.dir/build.make CMakeFiles/cmTC_07ada.dir/build
make[1]: Entering directory '/home/duc/Downloads/Protected-20211220T115553Z-001/Protected/build/CMakeFiles/CMakeTmp'
Building C object CMakeFiles/cmTC_07ada.dir/CheckFunctionExists.c.o
/usr/bin/cc   -DCHECK_FUNCTION_EXISTS=pthread_create   -o CMakeFiles/cmTC_07ada.dir/CheckFunctionExists.c.o   -c /usr/share/cmake-3.10/Modules/CheckFunctionExists.c
Linking C executable cmTC_07ada
/usr/bin/cmake -E cmake_link_script CMakeFiles/cmTC_07ada.dir/link.txt --verbose=1
/usr/bin/cc  -DCHECK_FUNCTION_EXISTS=pthread_create    CMakeFiles/cmTC_07ada.dir/CheckFunctionExists.c.o  -o cmTC_07ada -lpthreads 
/usr/bin/ld: cannot find -lpthreads
collect2: error: ld returned 1 exit status
CMakeFiles/cmTC_07ada.dir/build.make:97: recipe for target 'cmTC_07ada' failed
make[1]: *** [cmTC_07ada] Error 1
make[1]: Leaving directory '/home/duc/Downloads/Protected-20211220T115553Z-001/Protected/build/CMakeFiles/CMakeTmp'
Makefile:126: recipe for target 'cmTC_07ada/fast' failed
make: *** [cmTC_07ada/fast] Error 2


